<?xml version="1.0" encoding="UTF-8"?>
<!-- Generated by org.testng.reporters.JUnitReportReporter -->
<testsuite hostname="LIN-BRCPTN3" failures="0" tests="1" name="com.saucedemo.tests.CheckoutInfoTest" time="7.529" errors="0" timestamp="2025-10-23T12:30:58 IST" skipped="0">
  <testcase classname="com.saucedemo.tests.CheckoutInfoTest" name="fillCheckoutInformation" time="7.529"/>
</testsuite> <!-- com.saucedemo.tests.CheckoutInfoTest -->
