<?xml version="1.0" encoding="UTF-8"?>
<!-- Generated by org.testng.reporters.JUnitReportReporter -->
<testsuite hostname="LIN-BRCPTN3" failures="0" tests="1" name="com.saucedemo.tests.CheckoutOverviewTest" time="6.830" errors="0" timestamp="2025-10-23T12:30:58 IST" skipped="0">
  <testcase classname="com.saucedemo.tests.CheckoutOverviewTest" name="verifyTotalPrice" time="6.830"/>
</testsuite> <!-- com.saucedemo.tests.CheckoutOverviewTest -->
