<?xml version="1.0" encoding="UTF-8"?>
<!-- Generated by org.testng.reporters.JUnitReportReporter -->
<testsuite hostname="LIN-BRCPTN3" failures="0" tests="1" name="com.saucedemo.tests.ProductDetailsTest" time="6.599" errors="0" timestamp="2025-10-23T16:09:01 IST" skipped="0">
  <testcase classname="com.saucedemo.tests.ProductDetailsTest" name="verifyProductDetails" time="6.599"/>
</testsuite> <!-- com.saucedemo.tests.ProductDetailsTest -->
