<?xml version="1.0" encoding="UTF-8"?>
<!-- Generated by org.testng.reporters.JUnitReportReporter -->
<testsuite hostname="LIN-BRCPTN3" failures="0" tests="2" name="com.saucedemo.tests.LoginTest" time="23.849" errors="0" timestamp="2025-10-23T16:09:01 IST" skipped="0">
  <testcase classname="com.saucedemo.tests.LoginTest" name="invalidLoginTest" time="6.458"/>
  <testcase classname="com.saucedemo.tests.LoginTest" name="validLoginTest" time="17.391"/>
</testsuite> <!-- com.saucedemo.tests.LoginTest -->
